{
  "stats": {
    "suites": 1,
    "tests": 1,
    "passes": 1,
    "pending": 0,
    "failures": 0,
    "start": "2022-06-05T13:48:10.336Z",
    "end": "2022-06-05T13:48:25.893Z",
    "duration": 15557,
    "testsRegistered": 1,
    "passPercent": 100,
    "pendingPercent": 0,
    "other": 0,
    "hasOther": false,
    "skipped": 0,
    "hasSkipped": false
  },
  "results": [
    {
      "uuid": "42770e42-039c-4b95-a373-e2cfbf8df939",
      "title": "",
      "fullFile": "cypress/integration/regressionTest/demo.spec.js",
      "file": "cypress/integration/regressionTest/demo.spec.js",
      "beforeHooks": [],
      "afterHooks": [],
      "tests": [],
      "suites": [
        {
          "uuid": "2d8694a1-6ebd-4393-881c-fc539b475bc7",
          "title": "example with Cypress",
          "fullFile": "",
          "file": "",
          "beforeHooks": [],
          "afterHooks": [],
          "tests": [
            {
              "title": "createNewUser",
              "fullTitle": "example with Cypress createNewUser",
              "timedOut": null,
              "duration": 11364,
              "state": "passed",
              "speed": "slow",
              "pass": true,
              "fail": false,
              "pending": false,
              "context": null,
              "code": "//input [Your name] - [Phone Number] - [Email address] - [Company name]\nawait commonFunction.createNewClient(); //input [Select type of Industry]\nawait commonFunction.selectIndustry(\"Health\"); //Click checkbox for Terms And Conditions\nawait commonFunction.termsAndConditionsCheckBox();",
              "err": {},
              "uuid": "391aac09-371d-4a8b-99f9-38ef9ff7b750",
              "parentUUID": "2d8694a1-6ebd-4393-881c-fc539b475bc7",
              "isHook": false,
              "skipped": false
            }
          ],
          "suites": [],
          "passes": [
            "391aac09-371d-4a8b-99f9-38ef9ff7b750"
          ],
          "failures": [],
          "pending": [],
          "skipped": [],
          "duration": 11364,
          "root": false,
          "rootEmpty": false,
          "_timeout": 2000
        }
      ],
      "passes": [],
      "failures": [],
      "pending": [],
      "skipped": [],
      "duration": 0,
      "root": true,
      "rootEmpty": true,
      "_timeout": 2000
    }
  ],
  "meta": {
    "mocha": {
      "version": "7.0.1"
    },
    "mochawesome": {
      "options": {
        "quiet": false,
        "reportFilename": "mochawesome",
        "saveHtml": false,
        "saveJson": true,
        "consoleReporter": "spec",
        "useInlineDiffs": false,
        "code": true
      },
      "version": "7.1.3"
    },
    "marge": {
      "options": {
        "charts": true,
        "overwrite": false,
        "html": false,
        "json": true,
        "reportDir": "cypress/reports"
      },
      "version": "6.2.0"
    }
  }
}