{
  "stats": {
    "suites": 1,
    "tests": 1,
    "passes": 1,
    "pending": 0,
    "failures": 0,
    "start": "2022-06-05T14:43:15.629Z",
    "end": "2022-06-05T14:43:26.359Z",
    "duration": 10730,
    "testsRegistered": 1,
    "passPercent": 100,
    "pendingPercent": 0,
    "other": 0,
    "hasOther": false,
    "skipped": 0,
    "hasSkipped": false
  },
  "results": [
    {
      "uuid": "f2c79856-5493-4966-8f82-61caf2f232cb",
      "title": "",
      "fullFile": "cypress/integration/regressionTest/demo.spec.js",
      "file": "cypress/integration/regressionTest/demo.spec.js",
      "beforeHooks": [],
      "afterHooks": [],
      "tests": [],
      "suites": [
        {
          "uuid": "f2245b22-9c7a-419f-a307-d0517006ca87",
          "title": "Create a new user through iframe on Website",
          "fullFile": "",
          "file": "",
          "beforeHooks": [],
          "afterHooks": [],
          "tests": [
            {
              "title": "createNewUser",
              "fullTitle": "Create a new user through iframe on Website createNewUser",
              "timedOut": null,
              "duration": 6235,
              "state": "passed",
              "speed": "medium",
              "pass": true,
              "fail": false,
              "pending": false,
              "context": null,
              "code": "await commonFunction.createNewClient(); //input [Your name] - [Phone Number] - [Email address] - [Company name]\nawait commonFunction.selectIndustry(\"Health\"); //input [Select type of Industry]\nawait commonFunction.termsAndConditionsCheckBox(); //Click checkbox for Terms And Conditions",
              "err": {},
              "uuid": "96ee682b-d000-4eb2-8975-cbee4d5d01d3",
              "parentUUID": "f2245b22-9c7a-419f-a307-d0517006ca87",
              "isHook": false,
              "skipped": false
            }
          ],
          "suites": [],
          "passes": [
            "96ee682b-d000-4eb2-8975-cbee4d5d01d3"
          ],
          "failures": [],
          "pending": [],
          "skipped": [],
          "duration": 6235,
          "root": false,
          "rootEmpty": false,
          "_timeout": 2000
        }
      ],
      "passes": [],
      "failures": [],
      "pending": [],
      "skipped": [],
      "duration": 0,
      "root": true,
      "rootEmpty": true,
      "_timeout": 2000
    }
  ],
  "meta": {
    "mocha": {
      "version": "7.0.1"
    },
    "mochawesome": {
      "options": {
        "quiet": false,
        "reportFilename": "mochawesome",
        "saveHtml": true,
        "saveJson": true,
        "consoleReporter": "spec",
        "useInlineDiffs": false,
        "code": true
      },
      "version": "7.1.3"
    },
    "marge": {
      "options": {
        "charts": true,
        "overwrite": false,
        "html": true,
        "json": true,
        "reportDir": "cypress/reports"
      },
      "version": "6.2.0"
    }
  }
}